[ 20-06-09 20:56:23 ] Бэкапим старый конфиг
[ 20-06-09 21:05:35 ] Бэкапим старый конфиг
[ 20-06-09 21:20:02 ] Бэкапим старый конфиг
[ 20-06-09 21:20:11 ] Бэкапим старый конфиг
[ 20-06-09 21:20:17 ] Бэкапим старый конфиг
[ 20-06-09 21:20:17 ] [ ERROR ] Дириктория /etc/tunsafe/tun.conf не создана, создаем
[ 20-06-09 21:20:36 ] Бэкапим старый конфиг
[ 20-06-09 21:25:04 ] Бэкапим старый конфиг
[ 20-06-09 21:25:04 ] [ ERROR ] Дириктория /etc/tunsafe/backup не создана, создаем
[ 20-06-09 21:25:21 ] Бэкапим старый конфиг
[ 20-06-09 21:25:21 ] [ ERROR ] Дириктория /etc/tunsafe/backup не создана, создаем
[ 20-06-09 21:26:08 ] Бэкапим старый конфиг
[ 20-06-09 21:27:04 ] Бэкапим старый конфиг
[ 20-06-09 21:27:51 ] Бэкапим старый конфиг
[ 20-06-09 21:28:08 ] Бэкапим старый конфиг
[ 20-06-09 21:28:09 ] Бэкапим старый конфиг
[ 20-06-09 22:05:09 ] Бэкапим старый конфиг
[ 20-06-09 22:05:09 ] Формируем список активных аккаунтов
[ 20-06-09 22:05:19 ] Бэкапим старый конфиг
[ 20-06-09 22:05:19 ] Формируем список активных аккаунтов
[ 20-06-09 22:05:39 ] Бэкапим старый конфиг
[ 20-06-09 22:05:39 ] Формируем список активных аккаунтов
[ 20-06-09 22:06:16 ] Бэкапим старый конфиг
[ 20-06-09 22:06:16 ] Формируем список активных аккаунтов
[ 20-06-09 23:05:49 ] Бэкапим старый конфиг
[ 20-06-09 23:05:49 ] Формируем список активных аккаунтов
[ 20-06-09 23:06:08 ] Бэкапим старый конфиг
[ 20-06-09 23:06:08 ] Формируем список активных аккаунтов
[ 20-06-09 23:06:31 ] Бэкапим старый конфиг
[ 20-06-09 23:06:31 ] Формируем список активных аккаунтов
[ 20-06-09 23:06:33 ] Бэкапим старый конфиг
[ 20-06-09 23:06:33 ] Формируем список активных аккаунтов
[ 20-06-09 23:08:11 ] Бэкапим старый конфиг
[ 20-06-09 23:08:11 ] Формируем список активных аккаунтов
[ 20-06-09 23:09:45 ] Бэкапим старый конфиг
[ 20-06-09 23:09:45 ] Формируем список активных аккаунтов
[ 20-06-09 23:40:51 ] Бэкапим старый конфиг
[ 20-06-09 23:40:51 ] Формируем список активных аккаунтов
[ 20-06-09 23:42:06 ] Бэкапим старый конфиг
[ 20-06-09 23:42:06 ] Формируем список активных аккаунтов
[ 20-06-09 23:44:46 ] Бэкапим старый конфиг
[ 20-06-09 23:44:46 ] Формируем список активных аккаунтов
[ 20-06-09 23:50:48 ] Бэкапим старый конфиг
[ 20-06-09 23:50:48 ] Формируем список активных аккаунтов
[ 20-06-09 23:51:42 ] Бэкапим старый конфиг
[ 20-06-09 23:51:42 ] Формируем список активных аккаунтов
[ 20-06-09 23:52:01 ] Бэкапим старый конфиг
[ 20-06-09 23:52:01 ] Формируем список активных аккаунтов
[ 20-06-10 00:08:57 ] Бэкапим старый конфиг
[ 20-06-10 00:08:57 ] Пишем шапку конфига
[ 20-06-10 00:08:57 ] Формируем список активных аккаунтов
[ 20-06-10 00:08:57 ] Соз
[ 20-06-10 00:08:57 ] Соз
[ 20-06-10 00:08:57 ] Соз
[ 20-06-10 00:08:57 ] Соз
[ 20-06-10 00:08:57 ] Соз
[ 20-06-10 00:09:50 ] Бэкапим старый конфиг
[ 20-06-10 00:09:50 ] Пишем шапку конфига
[ 20-06-10 00:09:50 ] Формируем список активных аккаунтов
[ 20-06-10 00:09:50 ] Соз
[ 20-06-10 00:09:50 ] Соз
[ 20-06-10 00:09:50 ] Соз
[ 20-06-10 00:09:50 ] Соз
[ 20-06-10 00:09:50 ] Соз
[ 20-06-10 00:10:11 ] Бэкапим старый конфиг
[ 20-06-10 00:10:11 ] Пишем шапку конфига
[ 20-06-10 00:10:11 ] Формируем список активных аккаунтов
[ 20-06-10 00:10:11 ] Соз
[ 20-06-10 00:10:11 ] Соз
[ 20-06-10 00:10:11 ] Соз
[ 20-06-10 00:10:11 ] Соз
[ 20-06-10 00:10:11 ] Соз
[ 20-06-10 00:10:51 ] Бэкапим старый конфиг
[ 20-06-10 00:10:51 ] Пишем шапку конфига
[ 20-06-10 00:10:51 ] Формируем список активных аккаунтов
[ 20-06-10 00:11:23 ] Бэкапим старый конфиг
[ 20-06-10 00:11:23 ] Пишем шапку конфига
[ 20-06-10 00:11:23 ] Формируем список активных аккаунтов
[ 20-06-10 00:15:57 ] Бэкапим старый конфиг
[ 20-06-10 00:15:57 ] Пишем шапку конфига
[ 20-06-10 00:15:57 ] Формируем список активных аккаунтов
[ 20-06-10 00:15:57 ] Больше 1 аккаунта у этого пользователя, тогда создаем цепочки
[ 20-06-10 00:15:57 ] Больше 1 аккаунта у этого пользователя, тогда создаем цепочки
[ 20-06-10 00:15:57 ] Больше 1 аккаунта у этого пользователя, тогда создаем цепочки
[ 20-06-10 00:15:57 ] Больше 1 аккаунта у этого пользователя, тогда создаем цепочки
[ 20-06-10 00:15:57 ] Больше 1 аккаунта у этого пользователя, тогда создаем цепочки
[ 20-06-10 00:22:22 ] Бэкапим старый конфиг
[ 20-06-10 00:22:22 ] Пишем шапку конфига
[ 20-06-10 00:22:22 ] Формируем список активных аккаунтов
[ 20-06-10 00:24:16 ] Бэкапим старый конфиг
[ 20-06-10 00:24:16 ] Пишем шапку конфига
[ 20-06-10 00:24:16 ] Формируем список активных аккаунтов
[ 20-06-10 00:24:47 ] Бэкапим старый конфиг
[ 20-06-10 00:24:47 ] Пишем шапку конфига
[ 20-06-10 00:24:47 ] Формируем список активных аккаунтов
[ 20-06-10 00:25:15 ] Бэкапим старый конфиг
[ 20-06-10 00:25:15 ] Пишем шапку конфига
[ 20-06-10 00:25:15 ] Формируем список активных аккаунтов
[ 20-06-10 00:25:36 ] Бэкапим старый конфиг
[ 20-06-10 00:25:36 ] Пишем шапку конфига
[ 20-06-10 00:25:36 ] Формируем список активных аккаунтов
[ 20-06-10 00:29:20 ] Бэкапим старый конфиг
[ 20-06-10 00:29:20 ] Пишем шапку конфига
[ 20-06-10 00:29:20 ] Формируем список активных аккаунтов
[ 20-06-10 00:29:48 ] Бэкапим старый конфиг
[ 20-06-10 00:29:48 ] Пишем шапку конфига
[ 20-06-10 00:29:48 ] Формируем список активных аккаунтов
[ 20-06-10 00:31:10 ] Бэкапим старый конфиг
[ 20-06-10 00:31:10 ] Пишем шапку конфига
[ 20-06-10 00:31:10 ] Формируем список активных аккаунтов
[ 20-06-10 00:31:19 ] Бэкапим старый конфиг
[ 20-06-10 00:31:19 ] Пишем шапку конфига
[ 20-06-10 00:31:19 ] Формируем список активных аккаунтов
[ 20-06-10 00:31:20 ] Бэкапим старый конфиг
[ 20-06-10 00:31:20 ] Пишем шапку конфига
[ 20-06-10 00:31:20 ] Формируем список активных аккаунтов
[ 20-06-10 00:31:25 ] Бэкапим старый конфиг
[ 20-06-10 00:31:25 ] Пишем шапку конфига
[ 20-06-10 00:31:25 ] Формируем список активных аккаунтов
[ 20-06-10 00:32:03 ] Бэкапим старый конфиг
[ 20-06-10 00:32:03 ] Пишем шапку конфига
[ 20-06-10 00:32:03 ] Формируем список активных аккаунтов
[ 20-06-10 00:33:21 ] Бэкапим старый конфиг
[ 20-06-10 00:33:21 ] Пишем шапку конфига
[ 20-06-10 00:33:21 ] Формируем список активных аккаунтов
[ 20-06-10 00:33:27 ] Бэкапим старый конфиг
[ 20-06-10 00:33:27 ] Пишем шапку конфига
[ 20-06-10 00:33:27 ] Формируем список активных аккаунтов
[ 20-06-10 00:33:28 ] Бэкапим старый конфиг
[ 20-06-10 00:33:28 ] Пишем шапку конфига
[ 20-06-10 00:33:28 ] Формируем список активных аккаунтов
[ 20-06-10 00:33:41 ] Бэкапим старый конфиг
[ 20-06-10 00:33:41 ] Пишем шапку конфига
[ 20-06-10 00:33:41 ] Формируем список активных аккаунтов
[ 20-06-10 00:34:24 ] Бэкапим старый конфиг
[ 20-06-10 00:34:24 ] Пишем шапку конфига
[ 20-06-10 00:34:24 ] Формируем список активных аккаунтов
[ 20-06-10 00:34:29 ] Бэкапим старый конфиг
[ 20-06-10 00:34:29 ] Пишем шапку конфига
[ 20-06-10 00:34:29 ] Формируем список активных аккаунтов
[ 20-06-10 00:34:46 ] Бэкапим старый конфиг
[ 20-06-10 00:34:46 ] Пишем шапку конфига
[ 20-06-10 00:34:46 ] Формируем список активных аккаунтов
[ 20-06-10 00:34:54 ] Бэкапим старый конфиг
[ 20-06-10 00:34:54 ] Пишем шапку конфига
[ 20-06-10 00:34:54 ] Формируем список активных аккаунтов
[ 20-06-10 00:35:05 ] Бэкапим старый конфиг
[ 20-06-10 00:35:05 ] Пишем шапку конфига
[ 20-06-10 00:35:05 ] Формируем список активных аккаунтов
[ 20-06-10 00:35:07 ] Бэкапим старый конфиг
[ 20-06-10 00:35:07 ] Пишем шапку конфига
[ 20-06-10 00:35:07 ] Формируем список активных аккаунтов
[ 20-06-10 00:35:39 ] Бэкапим старый конфиг
[ 20-06-10 00:35:39 ] Пишем шапку конфига
[ 20-06-10 00:35:39 ] Формируем список активных аккаунтов
[ 20-06-10 00:36:05 ] Бэкапим старый конфиг
[ 20-06-10 00:36:05 ] Пишем шапку конфига
[ 20-06-10 00:36:05 ] Формируем список активных аккаунтов
[ 20-06-10 00:36:42 ] Бэкапим старый конфиг
[ 20-06-10 00:36:42 ] Пишем шапку конфига
[ 20-06-10 00:36:42 ] Формируем список активных аккаунтов
[ 20-06-10 00:36:50 ] Бэкапим старый конфиг
[ 20-06-10 00:36:50 ] Пишем шапку конфига
[ 20-06-10 00:36:50 ] Формируем список активных аккаунтов
[ 20-06-10 00:37:39 ] Бэкапим старый конфиг
[ 20-06-10 00:37:39 ] Пишем шапку конфига
[ 20-06-10 00:37:39 ] Формируем список активных аккаунтов
[ 20-06-10 00:37:55 ] Бэкапим старый конфиг
[ 20-06-10 00:37:55 ] Пишем шапку конфига
[ 20-06-10 00:37:55 ] Формируем список активных аккаунтов
[ 20-06-10 00:38:17 ] Бэкапим старый конфиг
[ 20-06-10 00:38:17 ] Пишем шапку конфига
[ 20-06-10 00:38:17 ] Формируем список активных аккаунтов
[ 20-06-10 00:42:59 ] Бэкапим старый конфиг
[ 20-06-10 00:42:59 ] Пишем шапку конфига
[ 20-06-10 00:42:59 ] Формируем список активных аккаунтов
[ 20-06-10 00:45:00 ] Бэкапим старый конфиг
[ 20-06-10 00:45:00 ] Пишем шапку конфига
[ 20-06-10 00:45:00 ] Формируем список активных аккаунтов
[ 20-06-10 00:45:01 ] Бэкапим старый конфиг
[ 20-06-10 00:45:01 ] Пишем шапку конфига
[ 20-06-10 00:45:01 ] Формируем список активных аккаунтов
[ 20-06-16 15:55:44 ] Бэкапим старый конфиг
[ 20-06-16 15:55:44 ] Пишем шапку конфига
[ 20-06-16 15:55:44 ] Формируем список активных аккаунтов
