[ 20-06-17 20:59:06 ] ##################################Запуск NEW Client#########################################
[ 20-06-17 20:59:06 ] ----------------------------------------------------------------------
[ 20-06-17 20:59:06 ] Ищем новых пользователей, не пустым балансом, для которых нужно создать VPN
[ 20-06-17 21:00:16 ] ##################################Запуск NEW Client#########################################
[ 20-06-17 21:00:16 ] ----------------------------------------------------------------------
[ 20-06-17 21:00:16 ] Ищем новых пользователей, не пустым балансом, для которых нужно создать VPN
[ 20-06-17 21:00:39 ] ##################################Запуск NEW Client#########################################
[ 20-06-17 21:00:39 ] ----------------------------------------------------------------------
[ 20-06-17 21:00:39 ] Ищем новых пользователей, не пустым балансом, для которых нужно создать VPN
[ 20-06-17 21:00:39 ] ID 11 Name electrific Tarif 8 Balance 4996940
[ 20-06-17 21:00:39 ] Ставим статус в процессе создания
[ 20-06-17 21:00:39 ] Создаем аккаунт
[ 20-06-17 21:00:39 ] Генерируем ключи для клиента electrific
[ 20-06-17 21:03:49 ] ##################################Запуск NEW Client#########################################
[ 20-06-17 21:03:49 ] ----------------------------------------------------------------------
[ 20-06-17 21:03:49 ] Ищем новых пользователей, не пустым балансом, для которых нужно создать VPN
[ 20-06-17 21:03:49 ] ID 4 Name elt Tarif 4 Balance 260
[ 20-06-17 21:03:49 ] Ставим статус в процессе создания
[ 20-06-17 21:03:49 ] Создаем аккаунт
[ 20-06-17 21:03:49 ] Генерируем ключи для клиента elt
[ 20-06-17 21:04:58 ] ##################################Запуск NEW Client#########################################
[ 20-06-17 21:04:58 ] ----------------------------------------------------------------------
[ 20-06-17 21:04:58 ] Ищем новых пользователей, не пустым балансом, для которых нужно создать VPN
[ 20-06-17 21:04:58 ] ID 4 Name elt Tarif 4 Balance 260
[ 20-06-17 21:04:58 ] Ставим статус в процессе создания
[ 20-06-17 21:04:59 ] Создаем аккаунт
[ 20-06-17 21:04:59 ] Генерируем ключи для клиента elt
[ 20-06-17 21:08:09 ] ##################################Запуск NEW Client#########################################
[ 20-06-17 21:08:09 ] ----------------------------------------------------------------------
[ 20-06-17 21:08:09 ] Ищем новых пользователей, не пустым балансом, для которых нужно создать VPN
[ 20-06-17 21:09:09 ] ##################################Запуск NEW Client#########################################
[ 20-06-17 21:09:09 ] ----------------------------------------------------------------------
[ 20-06-17 21:09:09 ] Ищем новых пользователей, не пустым балансом, для которых нужно создать VPN
[ 20-06-17 21:09:09 ] ID 4 Name elt Tarif 4 Balance 260
[ 20-06-17 21:09:09 ] Ставим статус в процессе создания
[ 20-06-17 21:09:09 ] Создаем аккаунт
[ 20-06-17 21:09:09 ] Генерируем ключи для клиента elt
[ 20-06-17 21:10:25 ] ##################################Запуск NEW Client#########################################
[ 20-06-17 21:10:25 ] ----------------------------------------------------------------------
[ 20-06-17 21:10:25 ] Ищем новых пользователей, не пустым балансом, для которых нужно создать VPN
[ 20-06-17 21:10:25 ] ID 4 Name elt Tarif 4 Balance 260
[ 20-06-17 21:10:25 ] Ставим статус в процессе создания
[ 20-06-17 21:10:25 ] Создаем аккаунт
[ 20-06-17 21:10:25 ] Генерируем ключи для клиента elt
